{"numFailedTestSuites":0,"numFailedTests":0,"numPassedTestSuites":1,"numPassedTests":3,"numPendingTestSuites":0,"numPendingTests":0,"numRuntimeErrorTestSuites":0,"numTodoTests":0,"numTotalTestSuites":1,"numTotalTests":3,"openHandles":[],"snapshot":{"added":0,"didUpdate":false,"failure":false,"filesAdded":0,"filesRemoved":0,"filesRemovedList":[],"filesUnmatched":0,"filesUpdated":0,"matched":0,"total":0,"unchecked":0,"uncheckedKeysByFile":[],"unmatched":0,"updated":0},"startTime":1751759705716,"success":true,"testResults":[{"assertionResults":[{"ancestorTitles":["Solicitudes de Demo"],"duration":44,"failing":false,"failureDetails":[],"failureMessages":[],"fullName":"Solicitudes de Demo debe guardar una solicitud válida","invocations":1,"location":null,"numPassingAsserts":2,"retryReasons":[],"startAt":1751759706581,"status":"passed","title":"debe guardar una solicitud válida"},{"ancestorTitles":["Solicitudes de Demo"],"duration":3,"failing":false,"failureDetails":[],"failureMessages":[],"fullName":"Solicitudes de Demo debe rechazar solicitud sin email","invocations":1,"location":null,"numPassingAsserts":1,"retryReasons":[],"startAt":1751759706626,"status":"passed","title":"debe rechazar solicitud sin email"},{"ancestorTitles":["Login Admin"],"duration":7,"failing":false,"failureDetails":[],"failureMessages":[],"fullName":"Login Admin rechaza login con credenciales inválidas","invocations":1,"location":null,"numPassingAsserts":1,"retryReasons":[],"startAt":1751759706630,"status":"passed","title":"rechaza login con credenciales inválidas"}],"endTime":1751759706637,"message":"","name":"C:\\Users\\pc\\Documents\\Proyectos\\hackless-backend\\tests\\app.test.js","startTime":1751759705765,"status":"passed","summary":""}],"wasInterrupted":false}
